061227  2:25:22  InnoDB: Started; log sequence number 0 43675
061227  2:25:23 [Note] \usr\local\mysql\bin\mysqld-nt.exe: ready for connections.
Version: '5.0.16-nt'  socket: ''  port: 3306  Official MySQL binary
061227  3:00:36  InnoDB: Started; log sequence number 0 43675
061227  3:00:38 [Note] \usr\local\mysql\bin\mysqld-nt.exe: ready for connections.
Version: '5.0.16-nt'  socket: ''  port: 3306  Official MySQL binary
061227  3:34:38  InnoDB: Started; log sequence number 0 43675
061227  3:34:39 [Note] \usr\local\mysql\bin\mysqld-nt.exe: ready for connections.
Version: '5.0.16-nt'  socket: ''  port: 3306  Official MySQL binary
061227 14:25:38  InnoDB: Started; log sequence number 0 43675
061227 14:25:40 [Note] \usr\local\mysql\bin\mysqld-nt.exe: ready for connections.
Version: '5.0.16-nt'  socket: ''  port: 3306  Official MySQL binary
061227 16:06:55  InnoDB: Started; log sequence number 0 43675
061227 16:06:58 [Note] \usr\local\mysql\bin\mysqld-nt.exe: ready for connections.
Version: '5.0.16-nt'  socket: ''  port: 3306  Official MySQL binary
061227 19:47:31  InnoDB: Started; log sequence number 0 43675
061227 19:47:34 [Note] \usr\local\mysql\bin\mysqld-nt.exe: ready for connections.
Version: '5.0.16-nt'  socket: ''  port: 3306  Official MySQL binary
061227 21:39:09  InnoDB: Started; log sequence number 0 43675
061227 21:39:10 [Note] \usr\local\mysql\bin\mysqld-nt.exe: ready for connections.
Version: '5.0.16-nt'  socket: ''  port: 3306  Official MySQL binary
061227 21:51:18  InnoDB: Started; log sequence number 0 43675
061227 21:51:18 [Note] \usr\local\mysql\bin\mysqld-nt.exe: ready for connections.
Version: '5.0.16-nt'  socket: ''  port: 3306  Official MySQL binary
061228  3:22:24  InnoDB: Started; log sequence number 0 43675
061228  3:22:24 [Note] \usr\local\mysql\bin\mysqld-nt.exe: ready for connections.
Version: '5.0.16-nt'  socket: ''  port: 3306  Official MySQL binary
061228  4:38:01  InnoDB: Started; log sequence number 0 43675
061228  4:38:01 [Note] \usr\local\mysql\bin\mysqld-nt.exe: ready for connections.
Version: '5.0.16-nt'  socket: ''  port: 3306  Official MySQL binary
061228  5:31:50  InnoDB: Started; log sequence number 0 43675
061228  5:31:51 [Note] \usr\local\mysql\bin\mysqld-nt.exe: ready for connections.
Version: '5.0.16-nt'  socket: ''  port: 3306  Official MySQL binary
061228  6:25:27  InnoDB: Started; log sequence number 0 43675
061228  6:25:28 [Note] \usr\local\mysql\bin\mysqld-nt.exe: ready for connections.
Version: '5.0.16-nt'  socket: ''  port: 3306  Official MySQL binary
061228 17:09:18  InnoDB: Started; log sequence number 0 43675
061228 17:09:18 [Note] \usr\local\mysql\bin\mysqld-nt.exe: ready for connections.
Version: '5.0.16-nt'  socket: ''  port: 3306  Official MySQL binary
061228 21:32:51  InnoDB: Started; log sequence number 0 43675
061228 21:32:53 [Note] \usr\local\mysql\bin\mysqld-nt.exe: ready for connections.
Version: '5.0.16-nt'  socket: ''  port: 3306  Official MySQL binary
061228 21:40:07  InnoDB: Started; log sequence number 0 43675
061228 21:40:10 [Note] \usr\local\mysql\bin\mysqld-nt.exe: ready for connections.
Version: '5.0.16-nt'  socket: ''  port: 3306  Official MySQL binary
061229 13:46:23  InnoDB: Started; log sequence number 0 43675
061229 13:46:25 [Note] \usr\local\mysql\bin\mysqld-nt.exe: ready for connections.
Version: '5.0.16-nt'  socket: ''  port: 3306  Official MySQL binary
061229 15:17:36  InnoDB: Started; log sequence number 0 43675
061229 15:17:39 [Note] \usr\local\mysql\bin\mysqld-nt.exe: ready for connections.
Version: '5.0.16-nt'  socket: ''  port: 3306  Official MySQL binary
061229 21:37:19  InnoDB: Started; log sequence number 0 43675
061229 21:37:22 [Note] \usr\local\mysql\bin\mysqld-nt.exe: ready for connections.
Version: '5.0.16-nt'  socket: ''  port: 3306  Official MySQL binary
