060413 20:24:51  InnoDB: Database was not shut down normally!
InnoDB: Starting crash recovery.
InnoDB: Reading tablespace information from the .ibd files...
InnoDB: Restoring possible half-written data pages from the doublewrite
InnoDB: buffer...
060413 20:24:51  InnoDB: Starting log scan based on checkpoint at
InnoDB: log sequence number 0 43655.
InnoDB: Doing recovery: scanned up to log sequence number 0 43655
060413 20:24:51  InnoDB: Started; log sequence number 0 43655
060413 20:24:52 [Note] \usr\local\mysql\bin\mysqld-nt.exe: ready for connections.
Version: '5.0.16-nt'  socket: ''  port: 3306  Official MySQL binary
060413 20:24:54 [Note] \usr\local\mysql\bin\mysqld-nt.exe: Normal shutdown

060413 20:24:56  InnoDB: Starting shutdown...
060413 20:24:57  InnoDB: Shutdown completed; log sequence number 0 43655
060413 20:24:57 [Note] \usr\local\mysql\bin\mysqld-nt.exe: Shutdown complete

060413 20:26:53  InnoDB: Started; log sequence number 0 43655
060413 20:26:53 [Note] \usr\local\mysql\bin\mysqld-nt.exe: ready for connections.
Version: '5.0.16-nt'  socket: ''  port: 3306  Official MySQL binary
060413 20:31:22  InnoDB: Started; log sequence number 0 43655
060413 20:31:22 [Note] \usr\local\mysql\bin\mysqld-nt.exe: ready for connections.
Version: '5.0.16-nt'  socket: ''  port: 3306  Official MySQL binary
060413 20:54:00  InnoDB: Started; log sequence number 0 43655
060413 20:54:01 [Note] \usr\local\mysql\bin\mysqld-nt.exe: ready for connections.
Version: '5.0.16-nt'  socket: ''  port: 3306  Official MySQL binary
060413 20:54:06  InnoDB: Started; log sequence number 0 43655
060413 20:54:06 [Note] \usr\local\mysql\bin\mysqld-nt.exe: ready for connections.
Version: '5.0.16-nt'  socket: ''  port: 3306  Official MySQL binary
060413 22:21:15  InnoDB: Started; log sequence number 0 43655
060413 22:21:16 [Note] \usr\local\mysql\bin\mysqld-nt.exe: ready for connections.
Version: '5.0.16-nt'  socket: ''  port: 3306  Official MySQL binary
060413 22:48:17  InnoDB: Started; log sequence number 0 43655
060413 22:48:17 [Note] \usr\local\mysql\bin\mysqld-nt.exe: ready for connections.
Version: '5.0.16-nt'  socket: ''  port: 3306  Official MySQL binary
060414 12:30:40  InnoDB: Started; log sequence number 0 43655
060414 12:30:41 [Note] \usr\local\mysql\bin\mysqld-nt.exe: ready for connections.
Version: '5.0.16-nt'  socket: ''  port: 3306  Official MySQL binary
060414 14:30:42  InnoDB: Started; log sequence number 0 43655
060414 14:30:58 [Note] \usr\local\mysql\bin\mysqld-nt.exe: ready for connections.
Version: '5.0.16-nt'  socket: ''  port: 3306  Official MySQL binary
060414 15:05:26  InnoDB: Started; log sequence number 0 43655
060414 15:05:27 [Note] \usr\local\mysql\bin\mysqld-nt.exe: ready for connections.
Version: '5.0.16-nt'  socket: ''  port: 3306  Official MySQL binary
060415 18:07:33  InnoDB: Database was not shut down normally!
InnoDB: Starting crash recovery.
InnoDB: Reading tablespace information from the .ibd files...
InnoDB: Restoring possible half-written data pages from the doublewrite
InnoDB: buffer...
060415 18:07:33  InnoDB: Starting log scan based on checkpoint at
InnoDB: log sequence number 0 43665.
InnoDB: Doing recovery: scanned up to log sequence number 0 43665
060415 18:07:33  InnoDB: Started; log sequence number 0 43665
060415 18:07:34 [Note] \usr\local\mysql\bin\mysqld-nt.exe: ready for connections.
Version: '5.0.16-nt'  socket: ''  port: 3306  Official MySQL binary
060418 23:48:40  InnoDB: Database was not shut down normally!
InnoDB: Starting crash recovery.
InnoDB: Reading tablespace information from the .ibd files...
InnoDB: Restoring possible half-written data pages from the doublewrite
InnoDB: buffer...
060418 23:48:40  InnoDB: Starting log scan based on checkpoint at
InnoDB: log sequence number 0 43665.
InnoDB: Doing recovery: scanned up to log sequence number 0 43665
060418 23:48:40  InnoDB: Started; log sequence number 0 43665
060418 23:48:40 [Note] \usr\local\mysql\bin\mysqld-nt.exe: ready for connections.
Version: '5.0.16-nt'  socket: ''  port: 3306  Official MySQL binary
060419 17:01:19  InnoDB: Database was not shut down normally!
InnoDB: Starting crash recovery.
InnoDB: Reading tablespace information from the .ibd files...
InnoDB: Restoring possible half-written data pages from the doublewrite
InnoDB: buffer...
060419 17:01:20  InnoDB: Starting log scan based on checkpoint at
InnoDB: log sequence number 0 43665.
InnoDB: Doing recovery: scanned up to log sequence number 0 43665
060419 17:01:20  InnoDB: Started; log sequence number 0 43665
060419 17:01:20 [Note] \usr\local\mysql\bin\mysqld-nt.exe: ready for connections.
Version: '5.0.16-nt'  socket: ''  port: 3306  Official MySQL binary
060419 20:52:55  InnoDB: Database was not shut down normally!
InnoDB: Starting crash recovery.
InnoDB: Reading tablespace information from the .ibd files...
InnoDB: Restoring possible half-written data pages from the doublewrite
InnoDB: buffer...
060419 20:52:56  InnoDB: Starting log scan based on checkpoint at
InnoDB: log sequence number 0 43665.
InnoDB: Doing recovery: scanned up to log sequence number 0 43665
060419 20:52:58  InnoDB: Started; log sequence number 0 43665
060419 20:52:59 [Note] \usr\local\mysql\bin\mysqld-nt.exe: ready for connections.
Version: '5.0.16-nt'  socket: ''  port: 3306  Official MySQL binary
060425 13:16:34  InnoDB: Database was not shut down normally!
InnoDB: Starting crash recovery.
InnoDB: Reading tablespace information from the .ibd files...
InnoDB: Restoring possible half-written data pages from the doublewrite
InnoDB: buffer...
060425 13:16:35  InnoDB: Starting log scan based on checkpoint at
InnoDB: log sequence number 0 43665.
InnoDB: Doing recovery: scanned up to log sequence number 0 43665
060425 13:16:35  InnoDB: Started; log sequence number 0 43665
060425 13:16:35 [Note] \usr\local\mysql\bin\mysqld-nt.exe: ready for connections.
Version: '5.0.16-nt'  socket: ''  port: 3306  Official MySQL binary
060425 13:16:38 [Note] \usr\local\mysql\bin\mysqld-nt.exe: Normal shutdown

060425 13:16:38  InnoDB: Starting shutdown...
060425 13:16:39  InnoDB: Shutdown completed; log sequence number 0 43665
060425 13:16:39 [Note] \usr\local\mysql\bin\mysqld-nt.exe: Shutdown complete

060425 13:17:47  InnoDB: Started; log sequence number 0 43665
060425 13:17:47 [Note] \usr\local\mysql\bin\mysqld-nt.exe: ready for connections.
Version: '5.0.16-nt'  socket: ''  port: 3306  Official MySQL binary
060427 10:59:24  InnoDB: Started; log sequence number 0 43665
060427 10:59:24 [Note] \usr\local\mysql\bin\mysqld-nt.exe: ready for connections.
Version: '5.0.16-nt'  socket: ''  port: 3306  Official MySQL binary
060427 11:01:02  InnoDB: Started; log sequence number 0 43665
060427 11:01:02 [Note] \usr\local\mysql\bin\mysqld-nt.exe: ready for connections.
Version: '5.0.16-nt'  socket: ''  port: 3306  Official MySQL binary
060427 11:27:11  InnoDB: Started; log sequence number 0 43665
060427 11:27:11 [Note] \usr\local\mysql\bin\mysqld-nt.exe: ready for connections.
Version: '5.0.16-nt'  socket: ''  port: 3306  Official MySQL binary
060428  6:18:58  InnoDB: Started; log sequence number 0 43665
060428  6:18:58 [Note] \usr\local\mysql\bin\mysqld-nt.exe: ready for connections.
Version: '5.0.16-nt'  socket: ''  port: 3306  Official MySQL binary
060428  6:19:06  InnoDB: Started; log sequence number 0 43665
060428  6:19:06 [Note] \usr\local\mysql\bin\mysqld-nt.exe: ready for connections.
Version: '5.0.16-nt'  socket: ''  port: 3306  Official MySQL binary
060428  6:19:34  InnoDB: Started; log sequence number 0 43665
060428  6:19:34 [Note] \usr\local\mysql\bin\mysqld-nt.exe: ready for connections.
Version: '5.0.16-nt'  socket: ''  port: 3306  Official MySQL binary
060429  7:41:53  InnoDB: Started; log sequence number 0 43665
060429  7:41:54 [Note] \usr\local\mysql\bin\mysqld-nt.exe: ready for connections.
Version: '5.0.16-nt'  socket: ''  port: 3306  Official MySQL binary
060429  7:42:03  InnoDB: Started; log sequence number 0 43665
060429  7:42:03 [Note] \usr\local\mysql\bin\mysqld-nt.exe: ready for connections.
Version: '5.0.16-nt'  socket: ''  port: 3306  Official MySQL binary
060429 14:40:15  InnoDB: Started; log sequence number 0 43665
060429 14:40:15 [Note] \usr\local\mysql\bin\mysqld-nt.exe: ready for connections.
Version: '5.0.16-nt'  socket: ''  port: 3306  Official MySQL binary
